<?xml version="1.0" encoding="UTF-8"?>
<testng-results ignored="0" total="2" passed="2" failed="0" skipped="0">
  <reporter-output>
  </reporter-output>
  <suite started-at="2024-11-27T11:14:06 IST" name="Suite" finished-at="2024-11-27T11:14:17 IST" duration-ms="11070">
    <groups>
      <group name="regression">
        <method signature="TC_048_AccountRegTest.verify_account_reg()[pri:0, instance:testCases.TC_048_AccountRegTest@40c80397]" name="verify_account_reg" class="testCases.TC_048_AccountRegTest"/>
      </group> <!-- regression -->
      <group name="sanity">
        <method signature="TC_062_LoginTest.verify_login()[pri:0, instance:testCases.TC_062_LoginTest@3b77a04f]" name="verify_login" class="testCases.TC_062_LoginTest"/>
      </group> <!-- sanity -->
      <group name="master">
        <method signature="TC_048_AccountRegTest.verify_account_reg()[pri:0, instance:testCases.TC_048_AccountRegTest@40c80397]" name="verify_account_reg" class="testCases.TC_048_AccountRegTest"/>
        <method signature="TC_062_LoginTest.verify_login()[pri:0, instance:testCases.TC_062_LoginTest@3b77a04f]" name="verify_login" class="testCases.TC_062_LoginTest"/>
      </group> <!-- master -->
    </groups>
    <test started-at="2024-11-27T11:14:06 IST" name="Test" finished-at="2024-11-27T11:14:17 IST" duration-ms="11070">
      <class name="testCases.TC_048_AccountRegTest">
        <test-method is-config="true" signature="setup(java.lang.String,java.lang.String)[pri:0, instance:testCases.TC_048_AccountRegTest@40c80397]" started-at="2024-11-27T11:14:07 IST" name="setup" finished-at="2024-11-27T11:14:10 IST" duration-ms="2980" status="PASS">
          <params>
            <param index="0">
              <value>
                <![CDATA[windows]]>
              </value>
            </param>
            <param index="1">
              <value>
                <![CDATA[chrome]]>
              </value>
            </param>
          </params>
          <reporter-output>
          </reporter-output>
        </test-method> <!-- setup -->
        <test-method signature="verify_account_reg()[pri:0, instance:testCases.TC_048_AccountRegTest@40c80397]" started-at="2024-11-27T11:14:10 IST" name="verify_account_reg" finished-at="2024-11-27T11:14:12 IST" duration-ms="2904" status="PASS">
          <reporter-output>
          </reporter-output>
        </test-method> <!-- verify_account_reg -->
        <test-method is-config="true" signature="teardown()[pri:0, instance:testCases.TC_048_AccountRegTest@40c80397]" started-at="2024-11-27T11:14:13 IST" name="teardown" finished-at="2024-11-27T11:14:13 IST" duration-ms="252" status="PASS">
          <reporter-output>
          </reporter-output>
        </test-method> <!-- teardown -->
      </class> <!-- testCases.TC_048_AccountRegTest -->
      <class name="testCases.TC_062_LoginTest">
        <test-method is-config="true" signature="setup(java.lang.String,java.lang.String)[pri:0, instance:testCases.TC_062_LoginTest@3b77a04f]" started-at="2024-11-27T11:14:13 IST" name="setup" finished-at="2024-11-27T11:14:15 IST" duration-ms="2094" status="PASS">
          <params>
            <param index="0">
              <value>
                <![CDATA[windows]]>
              </value>
            </param>
            <param index="1">
              <value>
                <![CDATA[chrome]]>
              </value>
            </param>
          </params>
          <reporter-output>
          </reporter-output>
        </test-method> <!-- setup -->
        <test-method signature="verify_login()[pri:0, instance:testCases.TC_062_LoginTest@3b77a04f]" started-at="2024-11-27T11:14:15 IST" name="verify_login" finished-at="2024-11-27T11:14:17 IST" duration-ms="2150" status="PASS">
          <reporter-output>
          </reporter-output>
        </test-method> <!-- verify_login -->
        <test-method is-config="true" signature="teardown()[pri:0, instance:testCases.TC_062_LoginTest@3b77a04f]" started-at="2024-11-27T11:14:17 IST" name="teardown" finished-at="2024-11-27T11:14:17 IST" duration-ms="261" status="PASS">
          <reporter-output>
          </reporter-output>
        </test-method> <!-- teardown -->
      </class> <!-- testCases.TC_062_LoginTest -->
    </test> <!-- Test -->
  </suite> <!-- Suite -->
</testng-results>
